Determining if the pthread_create exist failed with the following output:
Change Dir: /home/ruyiwei/PICO/CMakeFiles/CMakeTmp

Run Build Command:"/usr/bin/make" "cmTC_8fca6/fast"
/usr/bin/make -f CMakeFiles/cmTC_8fca6.dir/build.make CMakeFiles/cmTC_8fca6.dir/build
make[1]: Entering directory '/home/ruyiwei/PICO/CMakeFiles/CMakeTmp'
Building C object CMakeFiles/cmTC_8fca6.dir/CheckSymbolExists.c.o
/usr/bin/cc    -fPIC    -o CMakeFiles/cmTC_8fca6.dir/CheckSymbolExists.c.o   -c /home/ruyiwei/PICO/CMakeFiles/CMakeTmp/CheckSymbolExists.c
Linking C executable cmTC_8fca6
/usr/bin/cmake -E cmake_link_script CMakeFiles/cmTC_8fca6.dir/link.txt --verbose=1
/usr/bin/cc  -fPIC     CMakeFiles/cmTC_8fca6.dir/CheckSymbolExists.c.o  -o cmTC_8fca6 -rdynamic 
CMakeFiles/cmTC_8fca6.dir/CheckSymbolExists.c.o: In function `main':
CheckSymbolExists.c:(.text+0x1b): undefined reference to `pthread_create'
collect2: error: ld returned 1 exit status
CMakeFiles/cmTC_8fca6.dir/build.make:97: recipe for target 'cmTC_8fca6' failed
make[1]: *** [cmTC_8fca6] Error 1
make[1]: Leaving directory '/home/ruyiwei/PICO/CMakeFiles/CMakeTmp'
Makefile:126: recipe for target 'cmTC_8fca6/fast' failed
make: *** [cmTC_8fca6/fast] Error 2

File /home/ruyiwei/PICO/CMakeFiles/CMakeTmp/CheckSymbolExists.c:
/* */
#include <pthread.h>

int main(int argc, char** argv)
{
  (void)argv;
#ifndef pthread_create
  return ((int*)(&pthread_create))[argc];
#else
  (void)argc;
  return 0;
#endif
}

Determining if the function pthread_create exists in the pthreads failed with the following output:
Change Dir: /home/ruyiwei/PICO/CMakeFiles/CMakeTmp

Run Build Command:"/usr/bin/make" "cmTC_add8a/fast"
/usr/bin/make -f CMakeFiles/cmTC_add8a.dir/build.make CMakeFiles/cmTC_add8a.dir/build
make[1]: Entering directory '/home/ruyiwei/PICO/CMakeFiles/CMakeTmp'
Building C object CMakeFiles/cmTC_add8a.dir/CheckFunctionExists.c.o
/usr/bin/cc    -fPIC -DCHECK_FUNCTION_EXISTS=pthread_create   -o CMakeFiles/cmTC_add8a.dir/CheckFunctionExists.c.o   -c /usr/share/cmake-3.5/Modules/CheckFunctionExists.c
Linking C executable cmTC_add8a
/usr/bin/cmake -E cmake_link_script CMakeFiles/cmTC_add8a.dir/link.txt --verbose=1
/usr/bin/cc  -fPIC -DCHECK_FUNCTION_EXISTS=pthread_create    CMakeFiles/cmTC_add8a.dir/CheckFunctionExists.c.o  -o cmTC_add8a -rdynamic -lpthreads 
/usr/bin/ld: cannot find -lpthreads
collect2: error: ld returned 1 exit status
CMakeFiles/cmTC_add8a.dir/build.make:97: recipe for target 'cmTC_add8a' failed
make[1]: *** [cmTC_add8a] Error 1
make[1]: Leaving directory '/home/ruyiwei/PICO/CMakeFiles/CMakeTmp'
Makefile:126: recipe for target 'cmTC_add8a/fast' failed
make: *** [cmTC_add8a/fast] Error 2


